
*** Running vivado
    with args -log ps_wrapper.vdi -applog -m64 -product Vivado -messageDb vivado.pb -mode batch -source ps_wrapper.tcl -notrace



****** Vivado v2025.1 (64-bit)
  **** SW Build 6140274 on Thu May 22 00:12:29 MDT 2025
  **** IP Build 6138677 on Thu May 22 03:10:11 MDT 2025
  **** SharedData Build 6139179 on Tue May 20 17:58:58 MDT 2025
  **** Start of session at: Tue Sep  9 21:21:42 2025
    ** Copyright 1986-2022 Xilinx, Inc. All Rights Reserved.
    ** Copyright 2022-2025 Advanced Micro Devices, Inc. All Rights Reserved.

source ps_wrapper.tcl -notrace
INFO: [IP_Flow 19-234] Refreshing IP repositories
INFO: [IP_Flow 19-1704] No user IP repositories specified
INFO: [IP_Flow 19-2313] Loaded Vivado IP repository 'C:/Xilinx/2025.1/Vivado/data/ip'.
Command: link_design -top ps_wrapper -part xczu48dr-fsvg1517-2-e
Design is defaulting to srcset: sources_1
Design is defaulting to constrset: constrs_1
INFO: [Device 21-403] Loading part xczu48dr-fsvg1517-2-e
INFO: [Project 1-5699] Read binary netlist with skipMacroContent - 1
INFO: [Project 1-454] Reading design checkpoint 'c:/radio-zcu208/vivado/adc/adc.gen/sources_1/bd/ps/ip/ps_zynq_ultra_ps_e_0_0/ps_zynq_ultra_ps_e_0_0.dcp' for cell 'ps_i/zynq_ultra_ps_e_0'
Netlist sorting complete. Time (s): cpu = 00:00:00 ; elapsed = 00:00:00.011 . Memory (MB): peak = 1514.871 ; gain = 0.000
INFO: [Project 1-479] Netlist was created with Vivado 2025.1
INFO: [Project 1-570] Preparing netlist for logic optimization
Parsing XDC File [c:/radio-zcu208/vivado/adc/adc.gen/sources_1/bd/ps/ip/ps_zynq_ultra_ps_e_0_0/ps_zynq_ultra_ps_e_0_0.xdc] for cell 'ps_i/zynq_ultra_ps_e_0/inst'
Finished Parsing XDC File [c:/radio-zcu208/vivado/adc/adc.gen/sources_1/bd/ps/ip/ps_zynq_ultra_ps_e_0_0/ps_zynq_ultra_ps_e_0_0.xdc] for cell 'ps_i/zynq_ultra_ps_e_0/inst'
INFO: [Opt 31-138] Pushed 0 inverter(s) to 0 load pin(s).
Netlist sorting complete. Time (s): cpu = 00:00:00 ; elapsed = 00:00:00 . Memory (MB): peak = 1938.898 ; gain = 0.000
INFO: [Project 1-111] Unisim Transformation Summary:
No Unisim elements were transformed.

10 Infos, 0 Warnings, 0 Critical Warnings and 0 Errors encountered.
link_design completed successfully
link_design: Time (s): cpu = 00:00:11 ; elapsed = 00:00:12 . Memory (MB): peak = 1938.898 ; gain = 1360.422
Command: opt_design
Attempting to get a license for feature 'Implementation' and/or device 'xczu48dr'
INFO: [Common 17-349] Got license for feature 'Implementation' and/or device 'xczu48dr'
Running DRC as a precondition to command opt_design

Starting DRC Task
INFO: [DRC 23-27] Running DRC with 2 threads
INFO: [Project 1-461] DRC finished with 0 Errors
INFO: [Project 1-462] Please refer to the DRC report (report_drc) for more information.

Time (s): cpu = 00:00:01 ; elapsed = 00:00:00.869 . Memory (MB): peak = 1986.770 ; gain = 47.871

Starting Cache Timing Information Task
INFO: [Timing 38-35] Done setting XDC timing constraints.
Ending Cache Timing Information Task | Checksum: c81b1ee6

Time (s): cpu = 00:00:02 ; elapsed = 00:00:02 . Memory (MB): peak = 2360.531 ; gain = 373.762

Starting Logic Optimization Task

Phase 1 Initialization

Phase 1.1 Core Generation And Design Setup
Phase 1.1 Core Generation And Design Setup | Checksum: c81b1ee6

Time (s): cpu = 00:00:00 ; elapsed = 00:00:00.001 . Memory (MB): peak = 2812.035 ; gain = 0.000

Phase 1.2 Setup Constraints And Sort Netlist
Phase 1.2 Setup Constraints And Sort Netlist | Checksum: c81b1ee6

Time (s): cpu = 00:00:00 ; elapsed = 00:00:00.007 . Memory (MB): peak = 2812.035 ; gain = 0.000
Phase 1 Initialization | Checksum: c81b1ee6

Time (s): cpu = 00:00:00 ; elapsed = 00:00:00.007 . Memory (MB): peak = 2812.035 ; gain = 0.000

Phase 2 Timer Update And Timing Data Collection

Phase 2.1 Timer Update
Phase 2.1 Timer Update | Checksum: c81b1ee6

Time (s): cpu = 00:00:00 ; elapsed = 00:00:00.012 . Memory (MB): peak = 2812.035 ; gain = 0.000

Phase 2.2 Timing Data Collection
Phase 2.2 Timing Data Collection | Checksum: c81b1ee6

Time (s): cpu = 00:00:00 ; elapsed = 00:00:00.021 . Memory (MB): peak = 2812.035 ; gain = 0.000
Phase 2 Timer Update And Timing Data Collection | Checksum: c81b1ee6

Time (s): cpu = 00:00:00 ; elapsed = 00:00:00.022 . Memory (MB): peak = 2812.035 ; gain = 0.000

Phase 3 Retarget
INFO: [Opt 31-1851] Number of loadless carry chains removed were: 0
INFO: [Opt 31-1834] Total Chains To Be Transformed Were: 0 AND Number of Transformed insts Created are: 0
INFO: [Opt 31-138] Pushed 0 inverter(s) to 0 load pin(s).
INFO: [Opt 31-49] Retargeted 0 cell(s).
Phase 3 Retarget | Checksum: cd78faa1

Time (s): cpu = 00:00:00 ; elapsed = 00:00:00.050 . Memory (MB): peak = 2812.035 ; gain = 0.000
Retarget | Checksum: cd78faa1
INFO: [Opt 31-389] Phase Retarget created 0 cells and removed 264 cells

Phase 4 Constant propagation
INFO: [Opt 31-138] Pushed 0 inverter(s) to 0 load pin(s).
Phase 4 Constant propagation | Checksum: cd78faa1

Time (s): cpu = 00:00:00 ; elapsed = 00:00:00.051 . Memory (MB): peak = 2812.035 ; gain = 0.000
Constant propagation | Checksum: cd78faa1
INFO: [Opt 31-389] Phase Constant propagation created 0 cells and removed 0 cells

Phase 5 Sweep
INFO: [Constraints 18-11670] Building netlist checker database with flags, 0x8
Done building netlist checker database: Time (s): cpu = 00:00:00 ; elapsed = 00:00:00 . Memory (MB): peak = 2812.035 ; gain = 0.000
INFO: [Constraints 18-11670] Building netlist checker database with flags, 0x8
Done building netlist checker database: Time (s): cpu = 00:00:00 ; elapsed = 00:00:00 . Memory (MB): peak = 2812.035 ; gain = 0.000
Phase 5 Sweep | Checksum: d0c564c3

Time (s): cpu = 00:00:00 ; elapsed = 00:00:00.092 . Memory (MB): peak = 2812.035 ; gain = 0.000
Sweep | Checksum: d0c564c3
INFO: [Opt 31-389] Phase Sweep created 0 cells and removed 1 cells
INFO: [Opt 31-1021] In phase Sweep, 1 netlist objects are constrained preventing optimization. Please run opt_design with -debug_log to get more detail. 

Phase 6 BUFG optimization
INFO: [Opt 31-1077] Phase BUFG optimization inserted 0 global clock buffer(s) for CLOCK_LOW_FANOUT.
Phase 6 BUFG optimization | Checksum: d0c564c3

Time (s): cpu = 00:00:00 ; elapsed = 00:00:00.098 . Memory (MB): peak = 2812.035 ; gain = 0.000
BUFG optimization | Checksum: d0c564c3
INFO: [Opt 31-662] Phase BUFG optimization created 0 cells of which 0 are BUFGs and removed 0 cells.

Phase 7 Shift Register Optimization
INFO: [Opt 31-1064] SRL Remap converted 0 SRLs to 0 registers and converted 0 registers of register chains to 0 SRLs
Phase 7 Shift Register Optimization | Checksum: d0c564c3

Time (s): cpu = 00:00:00 ; elapsed = 00:00:00.099 . Memory (MB): peak = 2812.035 ; gain = 0.000
Shift Register Optimization | Checksum: d0c564c3
INFO: [Opt 31-389] Phase Shift Register Optimization created 0 cells and removed 0 cells

Phase 8 Post Processing Netlist
Phase 8 Post Processing Netlist | Checksum: d0c564c3

Time (s): cpu = 00:00:00 ; elapsed = 00:00:00.100 . Memory (MB): peak = 2812.035 ; gain = 0.000
Post Processing Netlist | Checksum: d0c564c3
INFO: [Opt 31-389] Phase Post Processing Netlist created 0 cells and removed 0 cells
INFO: [Opt 31-1021] In phase Post Processing Netlist, 1 netlist objects are constrained preventing optimization. Please run opt_design with -debug_log to get more detail. 

Phase 9 Finalization

Phase 9.1 Finalizing Design Cores and Updating Shapes
Phase 9.1 Finalizing Design Cores and Updating Shapes | Checksum: d0c564c3

Time (s): cpu = 00:00:00 ; elapsed = 00:00:00.102 . Memory (MB): peak = 2812.035 ; gain = 0.000

Phase 9.2 Verifying Netlist Connectivity

Starting Connectivity Check Task

Time (s): cpu = 00:00:00 ; elapsed = 00:00:00.003 . Memory (MB): peak = 2812.035 ; gain = 0.000
Phase 9.2 Verifying Netlist Connectivity | Checksum: d0c564c3

Time (s): cpu = 00:00:00 ; elapsed = 00:00:00.106 . Memory (MB): peak = 2812.035 ; gain = 0.000
Phase 9 Finalization | Checksum: d0c564c3

Time (s): cpu = 00:00:00 ; elapsed = 00:00:00.106 . Memory (MB): peak = 2812.035 ; gain = 0.000
Opt_design Change Summary
=========================


-------------------------------------------------------------------------------------------------------------------------
|  Phase                        |  #Cells created  |  #Cells Removed  |  #Constrained objects preventing optimizations  |
-------------------------------------------------------------------------------------------------------------------------
|  Retarget                     |               0  |             264  |                                              0  |
|  Constant propagation         |               0  |               0  |                                              0  |
|  Sweep                        |               0  |               1  |                                              1  |
|  BUFG optimization            |               0  |               0  |                                              0  |
|  Shift Register Optimization  |               0  |               0  |                                              0  |
|  Post Processing Netlist      |               0  |               0  |                                              1  |
-------------------------------------------------------------------------------------------------------------------------


Ending Logic Optimization Task | Checksum: d0c564c3

Time (s): cpu = 00:00:00 ; elapsed = 00:00:00.107 . Memory (MB): peak = 2812.035 ; gain = 0.000

Starting Power Optimization Task
INFO: [Pwropt 34-132] Skipping clock gating for clocks with a period < 2.00 ns.
Ending Power Optimization Task | Checksum: d0c564c3

Time (s): cpu = 00:00:00 ; elapsed = 00:00:00.008 . Memory (MB): peak = 2812.035 ; gain = 0.000

Starting Final Cleanup Task
Ending Final Cleanup Task | Checksum: d0c564c3

Time (s): cpu = 00:00:00 ; elapsed = 00:00:00 . Memory (MB): peak = 2812.035 ; gain = 0.000

Starting Netlist Obfuscation Task
Netlist sorting complete. Time (s): cpu = 00:00:00 ; elapsed = 00:00:00 . Memory (MB): peak = 2812.035 ; gain = 0.000
Ending Netlist Obfuscation Task | Checksum: d0c564c3

Time (s): cpu = 00:00:00 ; elapsed = 00:00:00 . Memory (MB): peak = 2812.035 ; gain = 0.000
INFO: [Common 17-83] Releasing license: Implementation
34 Infos, 0 Warnings, 0 Critical Warnings and 0 Errors encountered.
opt_design completed successfully
opt_design: Time (s): cpu = 00:00:05 ; elapsed = 00:00:05 . Memory (MB): peak = 2812.035 ; gain = 873.137
INFO: [Vivado 12-24828] Executing command : report_drc -file ps_wrapper_drc_opted.rpt -pb ps_wrapper_drc_opted.pb -rpx ps_wrapper_drc_opted.rpx
Command: report_drc -file ps_wrapper_drc_opted.rpt -pb ps_wrapper_drc_opted.pb -rpx ps_wrapper_drc_opted.rpx
INFO: [IP_Flow 19-1839] IP Catalog is up to date.
INFO: [DRC 23-27] Running DRC with 2 threads
INFO: [Vivado_Tcl 2-168] The results of DRC are in file C:/radio-zcu208/vivado/adc/adc.runs/impl_1/ps_wrapper_drc_opted.rpt.
report_drc completed successfully
INFO: [Timing 38-480] Writing timing data to binary archive.
INFO: [Common 17-1381] The checkpoint 'C:/radio-zcu208/vivado/adc/adc.runs/impl_1/ps_wrapper_opt.dcp' has been generated.
Command: place_design
Attempting to get a license for feature 'Implementation' and/or device 'xczu48dr'
INFO: [Common 17-349] Got license for feature 'Implementation' and/or device 'xczu48dr'
INFO: [Common 17-83] Releasing license: Implementation
INFO: [DRC 23-27] Running DRC with 2 threads
INFO: [Vivado_Tcl 4-198] DRC finished with 0 Errors
INFO: [Vivado_Tcl 4-199] Please refer to the DRC report (report_drc) for more information.
Running DRC as a precondition to command place_design
INFO: [DRC 23-27] Running DRC with 2 threads
INFO: [Vivado_Tcl 4-198] DRC finished with 0 Errors
INFO: [Vivado_Tcl 4-199] Please refer to the DRC report (report_drc) for more information.
INFO: [Place 30-611] Multithreading enabled for place_design using a maximum of 2 CPUs

Starting Placer Task

Phase 1 Placer Initialization

Phase 1.1 Placer Initialization Netlist Sorting
Netlist sorting complete. Time (s): cpu = 00:00:00 ; elapsed = 00:00:00 . Memory (MB): peak = 2827.348 ; gain = 0.000
Phase 1.1 Placer Initialization Netlist Sorting | Checksum: 5b044afa

Time (s): cpu = 00:00:00 ; elapsed = 00:00:00.003 . Memory (MB): peak = 2827.348 ; gain = 0.000
Netlist sorting complete. Time (s): cpu = 00:00:00 ; elapsed = 00:00:00 . Memory (MB): peak = 2827.348 ; gain = 0.000

Phase 1.2 IO Placement/ Clock Placement/ Build Placer Device
INFO: [Timing 38-35] Done setting XDC timing constraints.
Phase 1.2 IO Placement/ Clock Placement/ Build Placer Device | Checksum: f53a1127

Time (s): cpu = 00:00:08 ; elapsed = 00:00:09 . Memory (MB): peak = 4005.898 ; gain = 1178.551

Phase 1.3 Build Placer Netlist Model
WARNING: [Place 30-2953] Timing driven mode will be turned off because no critical terminals were found.
Phase 1.3 Build Placer Netlist Model | Checksum: 1f2b79bd8

Time (s): cpu = 00:00:09 ; elapsed = 00:00:10 . Memory (MB): peak = 4005.898 ; gain = 1178.551

Phase 1.4 Constrain Clocks/Macros
Phase 1.4 Constrain Clocks/Macros | Checksum: 1f2b79bd8

Time (s): cpu = 00:00:09 ; elapsed = 00:00:10 . Memory (MB): peak = 4005.898 ; gain = 1178.551
Phase 1 Placer Initialization | Checksum: 1f2b79bd8

Time (s): cpu = 00:00:09 ; elapsed = 00:00:10 . Memory (MB): peak = 4005.898 ; gain = 1178.551

Phase 2 Final Placement Cleanup
Netlist sorting complete. Time (s): cpu = 00:00:00 ; elapsed = 00:00:00 . Memory (MB): peak = 4005.898 ; gain = 0.000

Time (s): cpu = 00:00:09 ; elapsed = 00:00:10 . Memory (MB): peak = 4005.898 ; gain = 1178.551
INFO: [Place 30-281] No place-able instance is found; design doesn't contain any instance or all instances are placed
Ending Placer Task | Checksum: f53a1127

Time (s): cpu = 00:00:09 ; elapsed = 00:00:10 . Memory (MB): peak = 4005.898 ; gain = 1178.551
51 Infos, 1 Warnings, 0 Critical Warnings and 0 Errors encountered.
place_design completed successfully
place_design: Time (s): cpu = 00:00:10 ; elapsed = 00:00:10 . Memory (MB): peak = 4005.898 ; gain = 1182.656
INFO: [Vivado 12-24838] Running report commands "report_control_sets, report_io, report_utilization" in parallel.
Running report generation with 2 threads.
INFO: [Vivado 12-24828] Executing command : report_utilization -file ps_wrapper_utilization_placed.rpt -pb ps_wrapper_utilization_placed.pb
INFO: [Vivado 12-24828] Executing command : report_control_sets -verbose -file ps_wrapper_control_sets_placed.rpt
report_control_sets: Time (s): cpu = 00:00:00 ; elapsed = 00:00:00.001 . Memory (MB): peak = 4005.898 ; gain = 0.000
INFO: [Vivado 12-24828] Executing command : report_io -file ps_wrapper_io_placed.rpt
report_io: Time (s): cpu = 00:00:00 ; elapsed = 00:00:00.121 . Memory (MB): peak = 4005.898 ; gain = 0.000
INFO: [Timing 38-480] Writing timing data to binary archive.
Wrote PlaceDB: Time (s): cpu = 00:00:00 ; elapsed = 00:00:00.020 . Memory (MB): peak = 4005.898 ; gain = 0.000
Wrote PulsedLatchDB: Time (s): cpu = 00:00:00 ; elapsed = 00:00:00 . Memory (MB): peak = 4005.898 ; gain = 0.000
Writing XDEF routing.
Writing XDEF routing logical nets.
Writing XDEF routing special nets.
Wrote RouteStorage: Time (s): cpu = 00:00:00 ; elapsed = 00:00:00.030 . Memory (MB): peak = 4005.898 ; gain = 0.000
Wrote Netlist Cache: Time (s): cpu = 00:00:00 ; elapsed = 00:00:00 . Memory (MB): peak = 4005.898 ; gain = 0.000
Wrote Device Cache: Time (s): cpu = 00:00:00 ; elapsed = 00:00:00.017 . Memory (MB): peak = 4005.898 ; gain = 0.000
Write Physdb Complete: Time (s): cpu = 00:00:00 ; elapsed = 00:00:00.078 . Memory (MB): peak = 4005.898 ; gain = 0.000
INFO: [Common 17-1381] The checkpoint 'C:/radio-zcu208/vivado/adc/adc.runs/impl_1/ps_wrapper_placed.dcp' has been generated.
Command: phys_opt_design
Attempting to get a license for feature 'Implementation' and/or device 'xczu48dr'
INFO: [Common 17-349] Got license for feature 'Implementation' and/or device 'xczu48dr'
INFO: [Vivado_Tcl 4-241] Physical synthesis in post route mode 
WARNING: [Vivado_Tcl 4-1385] Design is not legally routed. Skipping post-route optimization
INFO: [Vivado_Tcl 4-1850] phys_opt_design is skipped because design is not fully routed, please run report_route_status to get more information.
INFO: [Common 17-83] Releasing license: Implementation
61 Infos, 2 Warnings, 0 Critical Warnings and 0 Errors encountered.
phys_opt_design completed successfully
INFO: [Timing 38-480] Writing timing data to binary archive.
Wrote PlaceDB: Time (s): cpu = 00:00:00 ; elapsed = 00:00:00.017 . Memory (MB): peak = 4005.898 ; gain = 0.000
Wrote PulsedLatchDB: Time (s): cpu = 00:00:00 ; elapsed = 00:00:00 . Memory (MB): peak = 4005.898 ; gain = 0.000
Writing XDEF routing.
Writing XDEF routing logical nets.
Writing XDEF routing special nets.
Wrote RouteStorage: Time (s): cpu = 00:00:00 ; elapsed = 00:00:00.032 . Memory (MB): peak = 4005.898 ; gain = 0.000
Wrote Netlist Cache: Time (s): cpu = 00:00:00 ; elapsed = 00:00:00 . Memory (MB): peak = 4005.898 ; gain = 0.000
Wrote Device Cache: Time (s): cpu = 00:00:00 ; elapsed = 00:00:00.016 . Memory (MB): peak = 4005.898 ; gain = 0.000
Write Physdb Complete: Time (s): cpu = 00:00:00 ; elapsed = 00:00:00.073 . Memory (MB): peak = 4005.898 ; gain = 0.000
INFO: [Common 17-1381] The checkpoint 'C:/radio-zcu208/vivado/adc/adc.runs/impl_1/ps_wrapper_physopt.dcp' has been generated.
Command: route_design
Attempting to get a license for feature 'Implementation' and/or device 'xczu48dr'
INFO: [Common 17-349] Got license for feature 'Implementation' and/or device 'xczu48dr'


Starting Routing Task
INFO: [Route 35-254] Multithreading enabled for route_design using a maximum of 2 CPUs

Phase 1 Build RT Design
Checksum: PlaceDB: 9a35c62d ConstDB: 0 ShapeSum: 0 RouteDB: 5b044afa
Nodegraph reading from file.  Time (s): cpu = 00:00:00 ; elapsed = 00:00:00.928 . Memory (MB): peak = 4005.898 ; gain = 0.000
INFO: [Timing 38-35] Done setting XDC timing constraints.
Post Restoration Checksum: NetGraph: 57e53356 | NumContArr: 55cb2a9e | Constraints: c2a8fa9d | Timing: c2a8fa9d
Phase 1 Build RT Design | Checksum: 23302532e

Time (s): cpu = 00:00:05 ; elapsed = 00:00:06 . Memory (MB): peak = 4005.898 ; gain = 0.000

Phase 2 Router Initialization

Phase 2.1 Fix Topology Constraints
Phase 2.1 Fix Topology Constraints | Checksum: 23302532e

Time (s): cpu = 00:00:05 ; elapsed = 00:00:06 . Memory (MB): peak = 4005.898 ; gain = 0.000

Phase 2.2 Pre Route Cleanup
Phase 2.2 Pre Route Cleanup | Checksum: 23302532e

Time (s): cpu = 00:00:05 ; elapsed = 00:00:06 . Memory (MB): peak = 4005.898 ; gain = 0.000

Phase 2.3 Global Clock Net Routing
Phase 2.3 Global Clock Net Routing | Checksum: 23302532e

Time (s): cpu = 00:00:07 ; elapsed = 00:00:07 . Memory (MB): peak = 4117.742 ; gain = 111.844

Phase 2.4 Update Timing
Phase 2.4 Update Timing | Checksum: 23302532e

Time (s): cpu = 00:00:07 ; elapsed = 00:00:07 . Memory (MB): peak = 4117.742 ; gain = 111.844

Phase 2.5 Soft Constraint Pins - Fast Budgeting
Phase 2.5 Soft Constraint Pins - Fast Budgeting | Checksum: 23302532e

Time (s): cpu = 00:00:07 ; elapsed = 00:00:07 . Memory (MB): peak = 4117.742 ; gain = 111.844

Router Utilization Summary
  Global Vertical Routing Utilization    = 0 %
  Global Horizontal Routing Utilization  = 0 %
  Routable Net Status*
  *Does not include unroutable nets such as driverless and loadless.
  Run report_route_status for detailed report.
  Number of Failed Nets               = 2
    (Failed Nets is the sum of unrouted and partially routed nets)
  Number of Unrouted Nets             = 2
  Number of Partially Routed Nets     = 0
  Number of Node Overlaps             = 0

Phase 2 Router Initialization | Checksum: 23302532e

Time (s): cpu = 00:00:08 ; elapsed = 00:00:08 . Memory (MB): peak = 4139.707 ; gain = 133.809

Phase 3 Global Routing
Phase 3 Global Routing | Checksum: 23302532e

Time (s): cpu = 00:00:08 ; elapsed = 00:00:08 . Memory (MB): peak = 4139.707 ; gain = 133.809

Phase 4 Initial Routing

Phase 4.1 Initial Net Routing Pass
 Number of Nodes with overlaps = 0
Phase 4.1 Initial Net Routing Pass | Checksum: 2c9011f85

Time (s): cpu = 00:00:09 ; elapsed = 00:00:09 . Memory (MB): peak = 4139.707 ; gain = 133.809
Phase 4 Initial Routing | Checksum: 2c9011f85

Time (s): cpu = 00:00:09 ; elapsed = 00:00:09 . Memory (MB): peak = 4139.707 ; gain = 133.809

Phase 5 Rip-up And Reroute

Phase 5.1 Global Iteration 0
Phase 5.1 Global Iteration 0 | Checksum: 2c9011f85

Time (s): cpu = 00:00:09 ; elapsed = 00:00:09 . Memory (MB): peak = 4139.707 ; gain = 133.809

Phase 5.2 Additional Iteration for Hold
Phase 5.2 Additional Iteration for Hold | Checksum: 2c9011f85

Time (s): cpu = 00:00:09 ; elapsed = 00:00:09 . Memory (MB): peak = 4139.707 ; gain = 133.809
Phase 5 Rip-up And Reroute | Checksum: 2c9011f85

Time (s): cpu = 00:00:09 ; elapsed = 00:00:09 . Memory (MB): peak = 4139.707 ; gain = 133.809

Phase 6 Delay and Skew Optimization

Phase 6.1 Delay CleanUp
Phase 6.1 Delay CleanUp | Checksum: 2c9011f85

Time (s): cpu = 00:00:09 ; elapsed = 00:00:09 . Memory (MB): peak = 4139.707 ; gain = 133.809

Phase 6.2 Clock Skew Optimization
Phase 6.2 Clock Skew Optimization | Checksum: 2c9011f85

Time (s): cpu = 00:00:09 ; elapsed = 00:00:09 . Memory (MB): peak = 4139.707 ; gain = 133.809
Phase 6 Delay and Skew Optimization | Checksum: 2c9011f85

Time (s): cpu = 00:00:10 ; elapsed = 00:00:09 . Memory (MB): peak = 4139.707 ; gain = 133.809

Phase 7 Post Hold Fix

Phase 7.1 Hold Fix Iter
Phase 7.1 Hold Fix Iter | Checksum: 2c9011f85

Time (s): cpu = 00:00:10 ; elapsed = 00:00:09 . Memory (MB): peak = 4139.707 ; gain = 133.809
Phase 7 Post Hold Fix | Checksum: 2c9011f85

Time (s): cpu = 00:00:10 ; elapsed = 00:00:09 . Memory (MB): peak = 4139.707 ; gain = 133.809

Phase 8 Route finalize

Router Utilization Summary
  Global Vertical Routing Utilization    = 0.00043759 %
  Global Horizontal Routing Utilization  = 0 %
  Routable Net Status*
  *Does not include unroutable nets such as driverless and loadless.
  Run report_route_status for detailed report.
  Number of Failed Nets               = 0
    (Failed Nets is the sum of unrouted and partially routed nets)
  Number of Unrouted Nets             = 0
  Number of Partially Routed Nets     = 0
  Number of Node Overlaps             = 0

Phase 8 Route finalize | Checksum: 2c9011f85

Time (s): cpu = 00:00:10 ; elapsed = 00:00:09 . Memory (MB): peak = 4139.707 ; gain = 133.809

Phase 9 Verifying routed nets

 Verification completed successfully
Phase 9 Verifying routed nets | Checksum: 2c9011f85

Time (s): cpu = 00:00:10 ; elapsed = 00:00:09 . Memory (MB): peak = 4139.707 ; gain = 133.809

Phase 10 Depositing Routes
Phase 10 Depositing Routes | Checksum: 2c9011f85

Time (s): cpu = 00:00:10 ; elapsed = 00:00:09 . Memory (MB): peak = 4139.707 ; gain = 133.809

Phase 11 Resolve XTalk
Phase 11 Resolve XTalk | Checksum: 2c9011f85

Time (s): cpu = 00:00:10 ; elapsed = 00:00:09 . Memory (MB): peak = 4139.707 ; gain = 133.809

Phase 12 Post Process Routing
Phase 12 Post Process Routing | Checksum: 2c9011f85

Time (s): cpu = 00:00:10 ; elapsed = 00:00:09 . Memory (MB): peak = 4139.707 ; gain = 133.809

Phase 13 Post Router Timing
Phase 13 Post Router Timing | Checksum: 2c9011f85

Time (s): cpu = 00:00:10 ; elapsed = 00:00:09 . Memory (MB): peak = 4139.707 ; gain = 133.809
Total Elapsed time in route_design: 8.906 secs

Phase 14 Post-Route Event Processing
Phase 14 Post-Route Event Processing | Checksum: 134bf091c

Time (s): cpu = 00:00:10 ; elapsed = 00:00:09 . Memory (MB): peak = 4139.707 ; gain = 133.809
INFO: [Route 35-16] Router Completed Successfully
Ending Routing Task | Checksum: 134bf091c

Time (s): cpu = 00:00:10 ; elapsed = 00:00:09 . Memory (MB): peak = 4139.707 ; gain = 133.809

Routing Is Done.
INFO: [Common 17-83] Releasing license: Implementation
68 Infos, 2 Warnings, 0 Critical Warnings and 0 Errors encountered.
route_design completed successfully
route_design: Time (s): cpu = 00:00:10 ; elapsed = 00:00:09 . Memory (MB): peak = 4139.707 ; gain = 133.809
INFO: [Vivado 12-24828] Executing command : report_drc -file ps_wrapper_drc_routed.rpt -pb ps_wrapper_drc_routed.pb -rpx ps_wrapper_drc_routed.rpx
Command: report_drc -file ps_wrapper_drc_routed.rpt -pb ps_wrapper_drc_routed.pb -rpx ps_wrapper_drc_routed.rpx
INFO: [IP_Flow 19-1839] IP Catalog is up to date.
INFO: [DRC 23-27] Running DRC with 2 threads
INFO: [Vivado_Tcl 2-168] The results of DRC are in file C:/radio-zcu208/vivado/adc/adc.runs/impl_1/ps_wrapper_drc_routed.rpt.
report_drc completed successfully
INFO: [Vivado 12-24828] Executing command : report_methodology -file ps_wrapper_methodology_drc_routed.rpt -pb ps_wrapper_methodology_drc_routed.pb -rpx ps_wrapper_methodology_drc_routed.rpx
Command: report_methodology -file ps_wrapper_methodology_drc_routed.rpt -pb ps_wrapper_methodology_drc_routed.pb -rpx ps_wrapper_methodology_drc_routed.rpx
INFO: [Timing 38-35] Done setting XDC timing constraints.
INFO: [DRC 23-133] Running Methodology with 2 threads
INFO: [Vivado_Tcl 2-1520] The results of Report Methodology are in file C:/radio-zcu208/vivado/adc/adc.runs/impl_1/ps_wrapper_methodology_drc_routed.rpt.
report_methodology completed successfully
INFO: [Vivado 12-24828] Executing command : report_timing_summary -max_paths 10 -routable_nets -report_unconstrained -file ps_wrapper_timing_summary_routed.rpt -pb ps_wrapper_timing_summary_routed.pb -rpx ps_wrapper_timing_summary_routed.rpx -warn_on_violation 
INFO: [Timing 38-35] Done setting XDC timing constraints.
INFO: [Timing 38-91] UpdateTimingParams: Speed grade: -2, Temperature grade: E, Delay Type: min_max.
INFO: [Timing 38-191] Multithreading enabled for timing update using a maximum of 2 CPUs
INFO: [Vivado 12-24838] Running report commands "report_incremental_reuse, report_route_status" in parallel.
Running report generation with 2 threads.
INFO: [Vivado 12-24828] Executing command : report_incremental_reuse -file ps_wrapper_incremental_reuse_routed.rpt
INFO: [Vivado_Tcl 4-1062] Incremental flow is disabled. No incremental reuse Info to report.
INFO: [Vivado 12-24828] Executing command : report_route_status -file ps_wrapper_route_status.rpt -pb ps_wrapper_route_status.pb
INFO: [Vivado 12-24828] Executing command : report_power -file ps_wrapper_power_routed.rpt -pb ps_wrapper_power_summary_routed.pb -rpx ps_wrapper_power_routed.rpx
Command: report_power -file ps_wrapper_power_routed.rpt -pb ps_wrapper_power_summary_routed.pb -rpx ps_wrapper_power_routed.rpx
Running Vector-less Activity Propagation...

Finished Running Vector-less Activity Propagation
85 Infos, 2 Warnings, 0 Critical Warnings and 0 Errors encountered.
report_power completed successfully
INFO: [Vivado 12-24828] Executing command : report_clock_utilization -file ps_wrapper_clock_utilization_routed.rpt
report_clock_utilization: Time (s): cpu = 00:00:07 ; elapsed = 00:00:06 . Memory (MB): peak = 4139.707 ; gain = 0.000
INFO: [Vivado 12-24828] Executing command : report_bus_skew -warn_on_violation -file ps_wrapper_bus_skew_routed.rpt -pb ps_wrapper_bus_skew_routed.pb -rpx ps_wrapper_bus_skew_routed.rpx
INFO: [Timing 38-91] UpdateTimingParams: Speed grade: -2, Temperature grade: E, Delay Type: min_max.
INFO: [Timing 38-191] Multithreading enabled for timing update using a maximum of 2 CPUs
generate_parallel_reports: Time (s): cpu = 00:00:09 ; elapsed = 00:00:08 . Memory (MB): peak = 4139.707 ; gain = 0.000
INFO: [Timing 38-480] Writing timing data to binary archive.
Wrote PlaceDB: Time (s): cpu = 00:00:00 ; elapsed = 00:00:00.017 . Memory (MB): peak = 4139.707 ; gain = 0.000
Wrote PulsedLatchDB: Time (s): cpu = 00:00:00 ; elapsed = 00:00:00 . Memory (MB): peak = 4139.707 ; gain = 0.000
Writing XDEF routing.
Writing XDEF routing logical nets.
Writing XDEF routing special nets.
Wrote RouteStorage: Time (s): cpu = 00:00:00 ; elapsed = 00:00:00.032 . Memory (MB): peak = 4139.707 ; gain = 0.000
Wrote Netlist Cache: Time (s): cpu = 00:00:00 ; elapsed = 00:00:00 . Memory (MB): peak = 4139.707 ; gain = 0.000
Wrote Device Cache: Time (s): cpu = 00:00:00 ; elapsed = 00:00:00.015 . Memory (MB): peak = 4139.707 ; gain = 0.000
Write Physdb Complete: Time (s): cpu = 00:00:00 ; elapsed = 00:00:00.070 . Memory (MB): peak = 4139.707 ; gain = 0.000
INFO: [Common 17-1381] The checkpoint 'C:/radio-zcu208/vivado/adc/adc.runs/impl_1/ps_wrapper_routed.dcp' has been generated.
Command: write_bitstream -force ps_wrapper.bit
Attempting to get a license for feature 'Implementation' and/or device 'xczu48dr'
INFO: [Common 17-349] Got license for feature 'Implementation' and/or device 'xczu48dr'
Running DRC as a precondition to command write_bitstream
INFO: [IP_Flow 19-1839] IP Catalog is up to date.
INFO: [DRC 23-27] Running DRC with 2 threads
INFO: [Vivado 12-3199] DRC finished with 0 Errors
INFO: [Vivado 12-3200] Please refer to the DRC report (report_drc) for more information.
INFO: [Designutils 20-2272] Running write_bitstream with 2 threads.
Loading data files...
Loading site data...
Loading route data...
Processing options...
Creating bitmap...
Creating bitstream...
Writing bitstream ./ps_wrapper.bit...
INFO: [Vivado 12-1842] Bitgen Completed Successfully.
INFO: [Common 17-83] Releasing license: Implementation
99 Infos, 2 Warnings, 0 Critical Warnings and 0 Errors encountered.
write_bitstream completed successfully
write_bitstream: Time (s): cpu = 00:00:22 ; elapsed = 00:00:20 . Memory (MB): peak = 4299.426 ; gain = 159.719
INFO: [Common 17-206] Exiting Vivado at Tue Sep  9 21:22:56 2025...

*** Running vivado
    with args -log ps_wrapper.vdi -applog -m64 -product Vivado -messageDb vivado.pb -mode batch -source ps_wrapper.tcl -notrace



****** Vivado v2025.1 (64-bit)
  **** SW Build 6140274 on Thu May 22 00:12:29 MDT 2025
  **** IP Build 6138677 on Thu May 22 03:10:11 MDT 2025
  **** SharedData Build 6139179 on Tue May 20 17:58:58 MDT 2025
  **** Start of session at: Tue Sep  9 22:35:10 2025
    ** Copyright 1986-2022 Xilinx, Inc. All Rights Reserved.
    ** Copyright 2022-2025 Advanced Micro Devices, Inc. All Rights Reserved.

source ps_wrapper.tcl -notrace
Command: open_checkpoint ps_wrapper_routed.dcp
INFO: [Device 21-403] Loading part xczu48dr-fsvg1517-2-e
Netlist sorting complete. Time (s): cpu = 00:00:00 ; elapsed = 00:00:00.009 . Memory (MB): peak = 1491.738 ; gain = 0.000
INFO: [Project 1-479] Netlist was created with Vivado 2025.1
INFO: [Project 1-570] Preparing netlist for logic optimization
INFO: [Timing 38-478] Restoring timing data from binary archive.
INFO: [Timing 38-479] Binary timing data restore complete.
INFO: [Project 1-856] Restoring constraints from binary archive.
INFO: [Project 1-853] Binary constraint restore complete.
INFO: [Designutils 20-5722] Start Reading Physical Databases.
Reading placement.
Read Netlist Cache: Time (s): cpu = 00:00:00 ; elapsed = 00:00:00 . Memory (MB): peak = 1909.348 ; gain = 0.000
Reading placer database...
Read Device Cache: Time (s): cpu = 00:00:00 ; elapsed = 00:00:00.027 . Memory (MB): peak = 1909.348 ; gain = 0.000
Read PlaceDB: Time (s): cpu = 00:00:01 ; elapsed = 00:00:00.711 . Memory (MB): peak = 1909.348 ; gain = 0.000
Read PulsedLatchDB: Time (s): cpu = 00:00:00 ; elapsed = 00:00:00 . Memory (MB): peak = 1909.348 ; gain = 0.000
Reading routing.
Read RouteStorage: Time (s): cpu = 00:00:00 ; elapsed = 00:00:00.014 . Memory (MB): peak = 1909.348 ; gain = 0.000
Read Physdb Files: Time (s): cpu = 00:00:01 ; elapsed = 00:00:00.761 . Memory (MB): peak = 1909.348 ; gain = 0.000
Restored from archive | CPU: 1.000000 secs | Memory: 0.000000 MB |
Finished XDEF File Restore: Time (s): cpu = 00:00:01 ; elapsed = 00:00:00.789 . Memory (MB): peak = 1909.348 ; gain = 0.000
Netlist sorting complete. Time (s): cpu = 00:00:00 ; elapsed = 00:00:00 . Memory (MB): peak = 2203.570 ; gain = 0.000
INFO: [Project 1-111] Unisim Transformation Summary:
No Unisim elements were transformed.

INFO: [Project 1-604] Checkpoint was created with Vivado v2025.1 (64-bit) build 6140274
open_checkpoint: Time (s): cpu = 00:00:19 ; elapsed = 00:00:18 . Memory (MB): peak = 2203.570 ; gain = 1901.004
Command: write_bitstream -force ps_wrapper.bit
Attempting to get a license for feature 'Implementation' and/or device 'xczu48dr'
INFO: [Common 17-349] Got license for feature 'Implementation' and/or device 'xczu48dr'
Running DRC as a precondition to command write_bitstream
INFO: [IP_Flow 19-234] Refreshing IP repositories
INFO: [IP_Flow 19-1704] No user IP repositories specified
INFO: [IP_Flow 19-2313] Loaded Vivado IP repository 'C:/Xilinx/2025.1/Vivado/data/ip'.
INFO: [DRC 23-27] Running DRC with 2 threads
INFO: [Vivado 12-3199] DRC finished with 0 Errors
INFO: [Vivado 12-3200] Please refer to the DRC report (report_drc) for more information.
INFO: [Designutils 20-2272] Running write_bitstream with 2 threads.
Loading data files...
Loading site data...
Loading route data...
Processing options...
Creating bitmap...
Creating bitstream...
Writing bitstream ./ps_wrapper.bit...
INFO: [Vivado 12-1842] Bitgen Completed Successfully.
INFO: [Common 17-83] Releasing license: Implementation
20 Infos, 0 Warnings, 0 Critical Warnings and 0 Errors encountered.
write_bitstream completed successfully
write_bitstream: Time (s): cpu = 00:00:23 ; elapsed = 00:00:21 . Memory (MB): peak = 2855.301 ; gain = 651.730
INFO: [Common 17-206] Exiting Vivado at Tue Sep  9 22:35:49 2025...
